<?xml version="1.0" encoding="UTF-8"?>
<!-- Generated by org.testng.reporters.JUnitReportReporter -->
<testsuite hostname="DESKTOP-76MRH74" failures="0" tests="3" name="flowchartmaker.runner.TestRunner" time="227.721" errors="0" timestamp="2024-02-01T11:31:22 IST" skipped="0">
  <testcase classname="flowchartmaker.runner.TestRunner" name="runScenario" time="143.814"/>
  <system-out/>
  <testcase classname="flowchartmaker.runner.TestRunner" name="runScenario" time="44.287"/>
  <system-out/>
  <testcase classname="flowchartmaker.runner.TestRunner" name="runScenario" time="39.620"/>
  <system-out/>
</testsuite> <!-- flowchartmaker.runner.TestRunner -->
