<?xml version="1.0" encoding="UTF-8"?>
<!-- Generated by org.testng.reporters.JUnitReportReporter -->
<testsuite hostname="DESKTOP-76MRH74" failures="0" tests="2" name="flowchartmaker.runner.TestRunner" time="145.253" errors="0" timestamp="2024-01-28T22:14:26 IST" skipped="0">
  <testcase classname="flowchartmaker.runner.TestRunner" name="runScenario" time="21.557"/>
  <system-out/>
  <testcase classname="flowchartmaker.runner.TestRunner" name="runScenario" time="123.696"/>
  <system-out/>
</testsuite> <!-- flowchartmaker.runner.TestRunner -->
