<?xml version="1.0" encoding="UTF-8"?>
<!-- Generated by org.testng.reporters.JUnitReportReporter -->
<testsuite hostname="DESKTOP-76MRH74" failures="0" tests="1" name="flowchartmaker.runner.TestRunner" time="120.914" errors="0" timestamp="2024-01-25T08:09:00 IST" skipped="0">
  <testcase classname="flowchartmaker.runner.TestRunner" name="runScenario" time="120.914"/>
  <system-out/>
</testsuite> <!-- flowchartmaker.runner.TestRunner -->
