<?xml version="1.0" encoding="UTF-8"?>
<!-- Generated by org.testng.reporters.JUnitReportReporter -->
<testsuite hostname="DESKTOP-76MRH74" failures="0" tests="3" name="flowchartmaker.runner.TestRunner" time="194.523" errors="0" timestamp="2024-01-29T23:46:47 IST" skipped="0">
  <testcase classname="flowchartmaker.runner.TestRunner" name="runScenario" time="31.410"/>
  <system-out/>
  <testcase classname="flowchartmaker.runner.TestRunner" name="runScenario" time="129.709"/>
  <system-out/>
  <testcase classname="flowchartmaker.runner.TestRunner" name="runScenario" time="33.404"/>
  <system-out/>
</testsuite> <!-- flowchartmaker.runner.TestRunner -->
