<?xml version="1.0" encoding="UTF-8"?>
<!-- Generated by org.testng.reporters.JUnitReportReporter -->
<testsuite hostname="DESKTOP-76MRH74" failures="0" tests="1" name="flowchartmaker.runner.TestRunner" time="122.680" errors="0" timestamp="2024-01-25T00:50:25 IST" skipped="0">
  <testcase classname="flowchartmaker.runner.TestRunner" name="runScenario" time="122.680"/>
  <system-out/>
</testsuite> <!-- flowchartmaker.runner.TestRunner -->
